info it worked if it ends with ok
verbose cli [ 'node', '/usr/local/bin/npm', 'publish' ]
info using npm@1.1.0-beta-4
info using node@v0.6.6
verbose config file /Users/easternbloc/.npmrc
verbose config file /usr/local/etc/npmrc
verbose config file /usr/local/lib/node_modules/npm/npmrc
verbose publish [ '.' ]
verbose caching /Users/easternbloc/Desktop/Syringe/package.json
verbose loadDefaults Syringe@0.1.0
info prepublish Syringe@0.1.0
verbose cache add [ '.', null ]
silly cache add: name, spec, args [ undefined, '.', [ '.', null ] ]
verbose parsed url { pathname: '.', path: '.', href: '.' }
verbose caching package.json
verbose loadDefaults Syringe@0.1.0
verbose pack /Users/easternbloc/Desktop/Syringe
verbose pack /Users/easternbloc/Desktop/Syringe /var/folders/z7/1d44v8yj0sz8l9k39sk9b1700000gn/T/npm-1326659861535/1326659861535-0.24307792424224317/tmp.tgz
silly makeList /Users/easternbloc/Desktop/Syringe
silly dir, dirLen [ '/Users/easternbloc/Desktop/Syringe', 35 ]
verbose tarball /var/folders/z7/1d44v8yj0sz8l9k39sk9b1700000gn/T/npm-1326659861535/1326659861535-0.24307792424224317/tmp.tgz
verbose parent /Users/easternbloc/Desktop/Syringe
verbose mkdir (expected) error ENOENT, no such file or directory '/var/folders/z7/1d44v8yj0sz8l9k39sk9b1700000gn/T/npm-1326659861535/1326659861535-0.24307792424224317/___package.npm'
verbose mkdir done: /var/folders/z7/1d44v8yj0sz8l9k39sk9b1700000gn/T/npm-1326659861535/1326659861535-0.24307792424224317/___package.npm 755
verbose unpack_ uid, gid [ undefined, undefined ]
verbose unpackTarget /var/folders/z7/1d44v8yj0sz8l9k39sk9b1700000gn/T/npm-1326659861535/1326659861535-0.24307792424224317/package
silly gunzTarPerm modes [ '755', '644' ]
silly afterUntar undefined
silly asyncMap in gTP /var/folders/z7/1d44v8yj0sz8l9k39sk9b1700000gn/T/npm-1326659861535/1326659861535-0.24307792424224317/___package.npm/Syringe
silly asyncMap in gTP /var/folders/z7/1d44v8yj0sz8l9k39sk9b1700000gn/T/npm-1326659861535/1326659861535-0.24307792424224317/___package.npm/Syringe/.npmignore
silly asyncMap in gTP /var/folders/z7/1d44v8yj0sz8l9k39sk9b1700000gn/T/npm-1326659861535/1326659861535-0.24307792424224317/___package.npm/Syringe/.travis.yml
silly asyncMap in gTP /var/folders/z7/1d44v8yj0sz8l9k39sk9b1700000gn/T/npm-1326659861535/1326659861535-0.24307792424224317/___package.npm/Syringe/index.js
silly asyncMap in gTP /var/folders/z7/1d44v8yj0sz8l9k39sk9b1700000gn/T/npm-1326659861535/1326659861535-0.24307792424224317/___package.npm/Syringe/package.json
silly asyncMap in gTP /var/folders/z7/1d44v8yj0sz8l9k39sk9b1700000gn/T/npm-1326659861535/1326659861535-0.24307792424224317/___package.npm/Syringe/README.md
silly asyncMap in gTP /var/folders/z7/1d44v8yj0sz8l9k39sk9b1700000gn/T/npm-1326659861535/1326659861535-0.24307792424224317/___package.npm/Syringe/example
silly asyncMap in gTP /var/folders/z7/1d44v8yj0sz8l9k39sk9b1700000gn/T/npm-1326659861535/1326659861535-0.24307792424224317/___package.npm/Syringe/example/dns.js
silly asyncMap in gTP /var/folders/z7/1d44v8yj0sz8l9k39sk9b1700000gn/T/npm-1326659861535/1326659861535-0.24307792424224317/___package.npm/Syringe/example/dnsExample.js
silly asyncMap in gTP /var/folders/z7/1d44v8yj0sz8l9k39sk9b1700000gn/T/npm-1326659861535/1326659861535-0.24307792424224317/___package.npm/Syringe/lib
silly asyncMap in gTP /var/folders/z7/1d44v8yj0sz8l9k39sk9b1700000gn/T/npm-1326659861535/1326659861535-0.24307792424224317/___package.npm/Syringe/lib/syringe.js
silly asyncMap in gTP /var/folders/z7/1d44v8yj0sz8l9k39sk9b1700000gn/T/npm-1326659861535/1326659861535-0.24307792424224317/___package.npm/Syringe/test
silly asyncMap in gTP /var/folders/z7/1d44v8yj0sz8l9k39sk9b1700000gn/T/npm-1326659861535/1326659861535-0.24307792424224317/___package.npm/Syringe/test/syringe.test.js
verbose gunzed /var/folders/z7/1d44v8yj0sz8l9k39sk9b1700000gn/T/npm-1326659861535/1326659861535-0.24307792424224317/___package.npm/Syringe
verbose rm'ed /var/folders/z7/1d44v8yj0sz8l9k39sk9b1700000gn/T/npm-1326659861535/1326659861535-0.24307792424224317/package
verbose renamed [ '/var/folders/z7/1d44v8yj0sz8l9k39sk9b1700000gn/T/npm-1326659861535/1326659861535-0.24307792424224317/___package.npm/Syringe',
verbose renamed   '/var/folders/z7/1d44v8yj0sz8l9k39sk9b1700000gn/T/npm-1326659861535/1326659861535-0.24307792424224317/package' ]
verbose caching /var/folders/z7/1d44v8yj0sz8l9k39sk9b1700000gn/T/npm-1326659861535/1326659861535-0.24307792424224317/package/package.json
verbose loadDefaults Syringe@0.1.0
verbose tarball contents [ 'package', 'tmp.tgz' ]
verbose from cache /var/folders/z7/1d44v8yj0sz8l9k39sk9b1700000gn/T/npm-1326659861535/1326659861535-0.24307792424224317/package/package.json
verbose pack /var/folders/z7/1d44v8yj0sz8l9k39sk9b1700000gn/T/npm-1326659861535/1326659861535-0.24307792424224317/package
verbose pack /var/folders/z7/1d44v8yj0sz8l9k39sk9b1700000gn/T/npm-1326659861535/1326659861535-0.24307792424224317/package /Users/easternbloc/.npm/Syringe/0.1.0/package.tgz
silly makeList /var/folders/z7/1d44v8yj0sz8l9k39sk9b1700000gn/T/npm-1326659861535/1326659861535-0.24307792424224317/package
silly dir, dirLen [ '/var/folders/z7/1d44v8yj0sz8l9k39sk9b1700000gn/T/npm-1326659861535/1326659861535-0.24307792424224317/package',
silly dir, dirLen   109 ]
verbose tarball /Users/easternbloc/.npm/Syringe/0.1.0/package.tgz
verbose parent /var/folders/z7/1d44v8yj0sz8l9k39sk9b1700000gn/T/npm-1326659861535/1326659861535-0.24307792424224317/package
verbose mkdir (expected) error ENOENT, no such file or directory '/Users/easternbloc/.npm/Syringe/0.1.0/___package.npm'
verbose mkdir done: /Users/easternbloc/.npm/Syringe/0.1.0/___package.npm 755
verbose unpack_ uid, gid [ undefined, undefined ]
verbose unpackTarget /Users/easternbloc/.npm/Syringe/0.1.0/package
silly gunzTarPerm modes [ '755', '644' ]
silly afterUntar undefined
silly asyncMap in gTP /Users/easternbloc/.npm/Syringe/0.1.0/___package.npm/package
silly asyncMap in gTP /Users/easternbloc/.npm/Syringe/0.1.0/___package.npm/package/.npmignore
silly asyncMap in gTP /Users/easternbloc/.npm/Syringe/0.1.0/___package.npm/package/.travis.yml
silly asyncMap in gTP /Users/easternbloc/.npm/Syringe/0.1.0/___package.npm/package/index.js
silly asyncMap in gTP /Users/easternbloc/.npm/Syringe/0.1.0/___package.npm/package/package.json
silly asyncMap in gTP /Users/easternbloc/.npm/Syringe/0.1.0/___package.npm/package/README.md
silly asyncMap in gTP /Users/easternbloc/.npm/Syringe/0.1.0/___package.npm/package/example
silly asyncMap in gTP /Users/easternbloc/.npm/Syringe/0.1.0/___package.npm/package/example/dns.js
silly asyncMap in gTP /Users/easternbloc/.npm/Syringe/0.1.0/___package.npm/package/example/dnsExample.js
silly asyncMap in gTP /Users/easternbloc/.npm/Syringe/0.1.0/___package.npm/package/lib
silly asyncMap in gTP /Users/easternbloc/.npm/Syringe/0.1.0/___package.npm/package/lib/syringe.js
silly asyncMap in gTP /Users/easternbloc/.npm/Syringe/0.1.0/___package.npm/package/test
silly asyncMap in gTP /Users/easternbloc/.npm/Syringe/0.1.0/___package.npm/package/test/syringe.test.js
verbose gunzed /Users/easternbloc/.npm/Syringe/0.1.0/___package.npm/package
verbose rm'ed /Users/easternbloc/.npm/Syringe/0.1.0/package
verbose renamed [ '/Users/easternbloc/.npm/Syringe/0.1.0/___package.npm/package',
verbose renamed   '/Users/easternbloc/.npm/Syringe/0.1.0/package' ]
verbose caching /Users/easternbloc/.npm/Syringe/0.1.0/package/package.json
verbose loadDefaults Syringe@0.1.0
silly updated sha bytes 2797
info shasum 7f73aa4d02c4706fda89792c4f408df303150652
info shasum /Users/easternbloc/.npm/Syringe/0.1.0/package.tgz
verbose from cache /Users/easternbloc/.npm/Syringe/0.1.0/package/package.json
verbose chmod /Users/easternbloc/.npm/Syringe/0.1.0/package.tgz 644
verbose chown [ '/Users/easternbloc/.npm/Syringe/0.1.0/package.tgz', 501, 20 ]
silly publish { author: { name: 'Ben Marvell', email: 'madmarv187@gmail.com' },
silly publish   name: 'Syringe',
silly publish   description: 'Dependency mocking for node modules.',
silly publish   version: '0.1.0',
silly publish   homepage: 'https://github.com/easternbloc/Syringe',
silly publish   repository: { type: 'git', url: 'git://github.com/easternbloc/Syringe.git' },
silly publish   main: 'index.js',
silly publish   scripts: { test: 'nodeunit test/' },
silly publish   engines: { node: '~0.4.x' },
silly publish   dependencies: {},
silly publish   devDependencies: { nodeunit: '0.6.4' },
silly publish   _npmUser: { name: 'easternbloc', email: 'madmarv187@gmail.com' },
silly publish   _id: 'Syringe@0.1.0',
silly publish   _engineSupported: false,
silly publish   _npmVersion: '1.1.0-beta-4',
silly publish   _nodeVersion: 'v0.6.6',
silly publish   _defaultsLoaded: true,
silly publish   dist: 
silly publish    { shasum: '7f73aa4d02c4706fda89792c4f408df303150652',
silly publish      tarball: 'http://registry.npmjs.org/Syringe/-/Syringe-0.1.0.tgz' } }
verbose raw, before any munging Syringe
verbose url resolving [ 'https://registry.npmjs.org/', './Syringe' ]
verbose url resolved https://registry.npmjs.org/Syringe
http PUT https://registry.npmjs.org/Syringe
http 409 https://registry.npmjs.org/Syringe
verbose raw, before any munging Syringe
verbose url resolving [ 'https://registry.npmjs.org/', './Syringe' ]
verbose url resolved https://registry.npmjs.org/Syringe
http GET https://registry.npmjs.org/Syringe
http 200 https://registry.npmjs.org/Syringe
info Already published Syringe@0.1.0
verbose uploading bin dists []
ERR! publish fail Cannot publish over existing version.
ERR! publish fail Bump the 'version' field, set the --force flag, or
ERR! publish fail     npm unpublish 'Syringe@0.1.0'
ERR! publish fail and try again
ERR! 
ERR! System Darwin 11.2.0
ERR! command "node" "/usr/local/bin/npm" "publish"
ERR! cwd /Users/easternbloc/Desktop/Syringe
ERR! node -v v0.6.6
ERR! npm -v 1.1.0-beta-4
ERR! code EPUBLISHCONFLICT
ERR! message publish fail
verbose exit [ 1, true ]
